[0.082s] DEBUG:colcon:Command line arguments: ['/usr/bin/colcon', 'build', '--packages-select', 'sjtu_drone_bringup', 'sjtu_drone_description']
[0.082s] DEBUG:colcon:Parsed command line arguments: Namespace(log_base=None, log_level=None, verb_name='build', build_base='build', install_base='install', merge_install=False, symlink_install=False, test_result_base=None, continue_on_error=False, executor='parallel', parallel_workers=12, event_handlers=None, ignore_user_meta=False, metas=['./colcon.meta'], base_paths=['.'], packages_ignore=None, packages_ignore_regex=None, paths=None, packages_up_to=None, packages_up_to_regex=None, packages_above=None, packages_above_and_dependencies=None, packages_above_depth=None, packages_select_by_dep=None, packages_skip_by_dep=None, packages_skip_up_to=None, packages_select_build_failed=False, packages_skip_build_finished=False, packages_select_test_failures=False, packages_skip_test_passed=False, packages_select=['sjtu_drone_bringup', 'sjtu_drone_description'], packages_skip=None, packages_select_regex=None, packages_skip_regex=None, packages_start=None, packages_end=None, allow_overriding=[], cmake_args=None, cmake_target=None, cmake_target_skip_unavailable=False, cmake_clean_cache=False, cmake_clean_first=False, cmake_force_configure=False, ament_cmake_args=None, catkin_cmake_args=None, catkin_skip_building_tests=False, mixin_files=None, mixin=None, verb_parser=<colcon_mixin.mixin.mixin_argument.MixinArgumentDecorator object at 0x7675f7546380>, verb_extension=<colcon_core.verb.build.BuildVerb object at 0x7675f76bfcd0>, main=<bound method BuildVerb.main of <colcon_core.verb.build.BuildVerb object at 0x7675f76bfcd0>>, mixin_verb=('build',))
[0.110s] Level 1:colcon.colcon_core.package_discovery:discover_packages(colcon_meta) check parameters
[0.110s] Level 1:colcon.colcon_core.package_discovery:discover_packages(recursive) check parameters
[0.110s] Level 1:colcon.colcon_core.package_discovery:discover_packages(ignore) check parameters
[0.110s] Level 1:colcon.colcon_core.package_discovery:discover_packages(path) check parameters
[0.110s] Level 1:colcon.colcon_core.package_discovery:discover_packages(colcon_meta) discover
[0.111s] Level 1:colcon.colcon_core.package_discovery:discover_packages(recursive) discover
[0.111s] INFO:colcon.colcon_core.package_discovery:Crawling recursively for packages in '/home/nambiar/Autonomous_Drone'
[0.111s] Level 1:colcon.colcon_core.package_identification:_identify(.) by extensions ['ignore', 'ignore_ament_install']
[0.111s] Level 1:colcon.colcon_core.package_identification:_identify(.) by extension 'ignore'
[0.111s] Level 1:colcon.colcon_core.package_identification:_identify(.) by extension 'ignore_ament_install'
[0.111s] Level 1:colcon.colcon_core.package_identification:_identify(.) by extensions ['colcon_pkg']
[0.111s] Level 1:colcon.colcon_core.package_identification:_identify(.) by extension 'colcon_pkg'
[0.111s] Level 1:colcon.colcon_core.package_identification:_identify(.) by extensions ['colcon_meta']
[0.111s] Level 1:colcon.colcon_core.package_identification:_identify(.) by extension 'colcon_meta'
[0.111s] Level 1:colcon.colcon_core.package_identification:_identify(.) by extensions ['ros']
[0.111s] Level 1:colcon.colcon_core.package_identification:_identify(.) by extension 'ros'
[0.121s] Level 1:colcon.colcon_core.package_identification:_identify(.) by extensions ['cmake', 'python']
[0.121s] Level 1:colcon.colcon_core.package_identification:_identify(.) by extension 'cmake'
[0.122s] Level 1:colcon.colcon_core.package_identification:_identify(.) by extension 'python'
[0.122s] Level 1:colcon.colcon_core.package_identification:_identify(.) by extensions ['python_setup_py']
[0.122s] Level 1:colcon.colcon_core.package_identification:_identify(.) by extension 'python_setup_py'
[0.122s] Level 1:colcon.colcon_core.package_identification:_identify(build) by extensions ['ignore', 'ignore_ament_install']
[0.122s] Level 1:colcon.colcon_core.package_identification:_identify(build) by extension 'ignore'
[0.122s] Level 1:colcon.colcon_core.package_identification:_identify(build) ignored
[0.122s] Level 1:colcon.colcon_core.package_identification:_identify(install) by extensions ['ignore', 'ignore_ament_install']
[0.122s] Level 1:colcon.colcon_core.package_identification:_identify(install) by extension 'ignore'
[0.122s] Level 1:colcon.colcon_core.package_identification:_identify(install) ignored
[0.122s] Level 1:colcon.colcon_core.package_identification:_identify(log) by extensions ['ignore', 'ignore_ament_install']
[0.122s] Level 1:colcon.colcon_core.package_identification:_identify(log) by extension 'ignore'
[0.122s] Level 1:colcon.colcon_core.package_identification:_identify(log) ignored
[0.122s] Level 1:colcon.colcon_core.package_identification:_identify(src) by extensions ['ignore', 'ignore_ament_install']
[0.122s] Level 1:colcon.colcon_core.package_identification:_identify(src) by extension 'ignore'
[0.122s] Level 1:colcon.colcon_core.package_identification:_identify(src) by extension 'ignore_ament_install'
[0.122s] Level 1:colcon.colcon_core.package_identification:_identify(src) by extensions ['colcon_pkg']
[0.122s] Level 1:colcon.colcon_core.package_identification:_identify(src) by extension 'colcon_pkg'
[0.122s] Level 1:colcon.colcon_core.package_identification:_identify(src) by extensions ['colcon_meta']
[0.122s] Level 1:colcon.colcon_core.package_identification:_identify(src) by extension 'colcon_meta'
[0.122s] Level 1:colcon.colcon_core.package_identification:_identify(src) by extensions ['ros']
[0.122s] Level 1:colcon.colcon_core.package_identification:_identify(src) by extension 'ros'
[0.123s] Level 1:colcon.colcon_core.package_identification:_identify(src) by extensions ['cmake', 'python']
[0.123s] Level 1:colcon.colcon_core.package_identification:_identify(src) by extension 'cmake'
[0.123s] Level 1:colcon.colcon_core.package_identification:_identify(src) by extension 'python'
[0.123s] Level 1:colcon.colcon_core.package_identification:_identify(src) by extensions ['python_setup_py']
[0.123s] Level 1:colcon.colcon_core.package_identification:_identify(src) by extension 'python_setup_py'
[0.123s] Level 1:colcon.colcon_core.package_identification:_identify(src/drone_model) by extensions ['ignore', 'ignore_ament_install']
[0.123s] Level 1:colcon.colcon_core.package_identification:_identify(src/drone_model) by extension 'ignore'
[0.123s] Level 1:colcon.colcon_core.package_identification:_identify(src/drone_model) by extension 'ignore_ament_install'
[0.123s] Level 1:colcon.colcon_core.package_identification:_identify(src/drone_model) by extensions ['colcon_pkg']
[0.123s] Level 1:colcon.colcon_core.package_identification:_identify(src/drone_model) by extension 'colcon_pkg'
[0.123s] Level 1:colcon.colcon_core.package_identification:_identify(src/drone_model) by extensions ['colcon_meta']
[0.123s] Level 1:colcon.colcon_core.package_identification:_identify(src/drone_model) by extension 'colcon_meta'
[0.123s] Level 1:colcon.colcon_core.package_identification:_identify(src/drone_model) by extensions ['ros']
[0.123s] Level 1:colcon.colcon_core.package_identification:_identify(src/drone_model) by extension 'ros'
[0.123s] Level 1:colcon.colcon_core.package_identification:_identify(src/drone_model) by extensions ['cmake', 'python']
[0.123s] Level 1:colcon.colcon_core.package_identification:_identify(src/drone_model) by extension 'cmake'
[0.123s] Level 1:colcon.colcon_core.package_identification:_identify(src/drone_model) by extension 'python'
[0.123s] Level 1:colcon.colcon_core.package_identification:_identify(src/drone_model) by extensions ['python_setup_py']
[0.123s] Level 1:colcon.colcon_core.package_identification:_identify(src/drone_model) by extension 'python_setup_py'
[0.123s] Level 1:colcon.colcon_core.package_identification:_identify(src/drone_model/sjtu_drone_bringup) by extensions ['ignore', 'ignore_ament_install']
[0.123s] Level 1:colcon.colcon_core.package_identification:_identify(src/drone_model/sjtu_drone_bringup) by extension 'ignore'
[0.123s] Level 1:colcon.colcon_core.package_identification:_identify(src/drone_model/sjtu_drone_bringup) by extension 'ignore_ament_install'
[0.123s] Level 1:colcon.colcon_core.package_identification:_identify(src/drone_model/sjtu_drone_bringup) by extensions ['colcon_pkg']
[0.123s] Level 1:colcon.colcon_core.package_identification:_identify(src/drone_model/sjtu_drone_bringup) by extension 'colcon_pkg'
[0.124s] Level 1:colcon.colcon_core.package_identification:_identify(src/drone_model/sjtu_drone_bringup) by extensions ['colcon_meta']
[0.124s] Level 1:colcon.colcon_core.package_identification:_identify(src/drone_model/sjtu_drone_bringup) by extension 'colcon_meta'
[0.124s] Level 1:colcon.colcon_core.package_identification:_identify(src/drone_model/sjtu_drone_bringup) by extensions ['ros']
[0.124s] Level 1:colcon.colcon_core.package_identification:_identify(src/drone_model/sjtu_drone_bringup) by extension 'ros'
[0.126s] DEBUG:colcon.colcon_core.package_identification:Package 'src/drone_model/sjtu_drone_bringup' with type 'ros.ament_python' and name 'sjtu_drone_bringup'
[0.126s] Level 1:colcon.colcon_core.package_identification:_identify(src/drone_model/sjtu_drone_description) by extensions ['ignore', 'ignore_ament_install']
[0.126s] Level 1:colcon.colcon_core.package_identification:_identify(src/drone_model/sjtu_drone_description) by extension 'ignore'
[0.126s] Level 1:colcon.colcon_core.package_identification:_identify(src/drone_model/sjtu_drone_description) by extension 'ignore_ament_install'
[0.126s] Level 1:colcon.colcon_core.package_identification:_identify(src/drone_model/sjtu_drone_description) by extensions ['colcon_pkg']
[0.126s] Level 1:colcon.colcon_core.package_identification:_identify(src/drone_model/sjtu_drone_description) by extension 'colcon_pkg'
[0.126s] Level 1:colcon.colcon_core.package_identification:_identify(src/drone_model/sjtu_drone_description) by extensions ['colcon_meta']
[0.126s] Level 1:colcon.colcon_core.package_identification:_identify(src/drone_model/sjtu_drone_description) by extension 'colcon_meta'
[0.126s] Level 1:colcon.colcon_core.package_identification:_identify(src/drone_model/sjtu_drone_description) by extensions ['ros']
[0.126s] Level 1:colcon.colcon_core.package_identification:_identify(src/drone_model/sjtu_drone_description) by extension 'ros'
[0.127s] DEBUG:colcon.colcon_core.package_identification:Package 'src/drone_model/sjtu_drone_description' with type 'ros.ament_cmake' and name 'sjtu_drone_description'
[0.127s] Level 1:colcon.colcon_core.package_discovery:discover_packages(recursive) using defaults
[0.127s] Level 1:colcon.colcon_core.package_discovery:discover_packages(ignore) discover
[0.127s] Level 1:colcon.colcon_core.package_discovery:discover_packages(ignore) using defaults
[0.127s] Level 1:colcon.colcon_core.package_discovery:discover_packages(path) discover
[0.127s] Level 1:colcon.colcon_core.package_discovery:discover_packages(path) using defaults
[0.141s] Level 1:colcon.colcon_core.package_discovery:discover_packages(prefix_path) check parameters
[0.141s] Level 1:colcon.colcon_core.package_discovery:discover_packages(prefix_path) discover
[0.143s] DEBUG:colcon.colcon_installed_package_information.package_discovery:Found 320 installed packages in /opt/ros/humble
[0.144s] Level 1:colcon.colcon_core.package_discovery:discover_packages(prefix_path) using defaults
[0.174s] Level 5:colcon.colcon_core.verb:set package 'sjtu_drone_bringup' build argument 'cmake_args' from command line to 'None'
[0.174s] Level 5:colcon.colcon_core.verb:set package 'sjtu_drone_bringup' build argument 'cmake_target' from command line to 'None'
[0.174s] Level 5:colcon.colcon_core.verb:set package 'sjtu_drone_bringup' build argument 'cmake_target_skip_unavailable' from command line to 'False'
[0.174s] Level 5:colcon.colcon_core.verb:set package 'sjtu_drone_bringup' build argument 'cmake_clean_cache' from command line to 'False'
[0.174s] Level 5:colcon.colcon_core.verb:set package 'sjtu_drone_bringup' build argument 'cmake_clean_first' from command line to 'False'
[0.174s] Level 5:colcon.colcon_core.verb:set package 'sjtu_drone_bringup' build argument 'cmake_force_configure' from command line to 'False'
[0.174s] Level 5:colcon.colcon_core.verb:set package 'sjtu_drone_bringup' build argument 'ament_cmake_args' from command line to 'None'
[0.174s] Level 5:colcon.colcon_core.verb:set package 'sjtu_drone_bringup' build argument 'catkin_cmake_args' from command line to 'None'
[0.174s] Level 5:colcon.colcon_core.verb:set package 'sjtu_drone_bringup' build argument 'catkin_skip_building_tests' from command line to 'False'
[0.175s] DEBUG:colcon.colcon_core.verb:Building package 'sjtu_drone_bringup' with the following arguments: {'ament_cmake_args': None, 'build_base': '/home/nambiar/Autonomous_Drone/build/sjtu_drone_bringup', 'catkin_cmake_args': None, 'catkin_skip_building_tests': False, 'cmake_args': None, 'cmake_clean_cache': False, 'cmake_clean_first': False, 'cmake_force_configure': False, 'cmake_target': None, 'cmake_target_skip_unavailable': False, 'install_base': '/home/nambiar/Autonomous_Drone/install/sjtu_drone_bringup', 'merge_install': False, 'path': '/home/nambiar/Autonomous_Drone/src/drone_model/sjtu_drone_bringup', 'symlink_install': False, 'test_result_base': None}
[0.175s] Level 5:colcon.colcon_core.verb:set package 'sjtu_drone_description' build argument 'cmake_args' from command line to 'None'
[0.175s] Level 5:colcon.colcon_core.verb:set package 'sjtu_drone_description' build argument 'cmake_target' from command line to 'None'
[0.175s] Level 5:colcon.colcon_core.verb:set package 'sjtu_drone_description' build argument 'cmake_target_skip_unavailable' from command line to 'False'
[0.175s] Level 5:colcon.colcon_core.verb:set package 'sjtu_drone_description' build argument 'cmake_clean_cache' from command line to 'False'
[0.175s] Level 5:colcon.colcon_core.verb:set package 'sjtu_drone_description' build argument 'cmake_clean_first' from command line to 'False'
[0.175s] Level 5:colcon.colcon_core.verb:set package 'sjtu_drone_description' build argument 'cmake_force_configure' from command line to 'False'
[0.175s] Level 5:colcon.colcon_core.verb:set package 'sjtu_drone_description' build argument 'ament_cmake_args' from command line to 'None'
[0.175s] Level 5:colcon.colcon_core.verb:set package 'sjtu_drone_description' build argument 'catkin_cmake_args' from command line to 'None'
[0.175s] Level 5:colcon.colcon_core.verb:set package 'sjtu_drone_description' build argument 'catkin_skip_building_tests' from command line to 'False'
[0.175s] DEBUG:colcon.colcon_core.verb:Building package 'sjtu_drone_description' with the following arguments: {'ament_cmake_args': None, 'build_base': '/home/nambiar/Autonomous_Drone/build/sjtu_drone_description', 'catkin_cmake_args': None, 'catkin_skip_building_tests': False, 'cmake_args': None, 'cmake_clean_cache': False, 'cmake_clean_first': False, 'cmake_force_configure': False, 'cmake_target': None, 'cmake_target_skip_unavailable': False, 'install_base': '/home/nambiar/Autonomous_Drone/install/sjtu_drone_description', 'merge_install': False, 'path': '/home/nambiar/Autonomous_Drone/src/drone_model/sjtu_drone_description', 'symlink_install': False, 'test_result_base': None}
[0.175s] INFO:colcon.colcon_core.executor:Executing jobs using 'parallel' executor
[0.176s] DEBUG:colcon.colcon_parallel_executor.executor.parallel:run_until_complete
[0.176s] INFO:colcon.colcon_ros.task.ament_python.build:Building ROS package in '/home/nambiar/Autonomous_Drone/src/drone_model/sjtu_drone_bringup' with build type 'ament_python'
[0.176s] Level 1:colcon.colcon_core.shell:create_environment_hook('sjtu_drone_bringup', 'ament_prefix_path')
[0.178s] INFO:colcon.colcon_core.plugin_system:Skipping extension 'colcon_core.shell.bat': Not used on non-Windows systems
[0.178s] INFO:colcon.colcon_core.shell:Creating environment hook '/home/nambiar/Autonomous_Drone/install/sjtu_drone_bringup/share/sjtu_drone_bringup/hook/ament_prefix_path.ps1'
[0.178s] INFO:colcon.colcon_core.shell:Creating environment descriptor '/home/nambiar/Autonomous_Drone/install/sjtu_drone_bringup/share/sjtu_drone_bringup/hook/ament_prefix_path.dsv'
[0.178s] INFO:colcon.colcon_core.shell:Creating environment hook '/home/nambiar/Autonomous_Drone/install/sjtu_drone_bringup/share/sjtu_drone_bringup/hook/ament_prefix_path.sh'
[0.179s] INFO:colcon.colcon_core.shell:Skip shell extension 'powershell' for command environment: Not usable outside of PowerShell
[0.179s] DEBUG:colcon.colcon_core.shell:Skip shell extension 'dsv' for command environment
[0.181s] INFO:colcon.colcon_ros.task.ament_cmake.build:Building ROS package in '/home/nambiar/Autonomous_Drone/src/drone_model/sjtu_drone_description' with build type 'ament_cmake'
[0.181s] INFO:colcon.colcon_cmake.task.cmake.build:Building CMake package in '/home/nambiar/Autonomous_Drone/src/drone_model/sjtu_drone_description'
[0.182s] INFO:colcon.colcon_core.shell:Skip shell extension 'powershell' for command environment: Not usable outside of PowerShell
[0.182s] DEBUG:colcon.colcon_core.shell:Skip shell extension 'dsv' for command environment
[0.345s] INFO:colcon.colcon_core.task.python.build:Building Python package in '/home/nambiar/Autonomous_Drone/src/drone_model/sjtu_drone_bringup'
[0.345s] INFO:colcon.colcon_core.shell:Skip shell extension 'powershell' for command environment: Not usable outside of PowerShell
[0.345s] DEBUG:colcon.colcon_core.shell:Skip shell extension 'dsv' for command environment
[0.350s] DEBUG:colcon.colcon_core.event_handler.log_command:Invoking command in '/home/nambiar/Autonomous_Drone/build/sjtu_drone_description': CMAKE_PREFIX_PATH=/opt/ros/humble /usr/bin/cmake /home/nambiar/Autonomous_Drone/src/drone_model/sjtu_drone_description -DCMAKE_INSTALL_PREFIX=/home/nambiar/Autonomous_Drone/install/sjtu_drone_description
[0.805s] DEBUG:colcon.colcon_core.event_handler.log_command:Invoking command in '/home/nambiar/Autonomous_Drone/src/drone_model/sjtu_drone_bringup': PYTHONPATH=/home/nambiar/Autonomous_Drone/build/sjtu_drone_bringup/prefix_override:/home/nambiar/Autonomous_Drone/install/sjtu_drone_bringup/lib/python3.10/site-packages:${PYTHONPATH} /usr/bin/python3 -W ignore:setup.py install is deprecated setup.py egg_info --egg-base ../../../build/sjtu_drone_bringup build --build-base /home/nambiar/Autonomous_Drone/build/sjtu_drone_bringup/build install --record /home/nambiar/Autonomous_Drone/build/sjtu_drone_bringup/install.log --single-version-externally-managed install_data
[1.209s] DEBUG:colcon.colcon_core.event_handler.log_command:Invoked command in '/home/nambiar/Autonomous_Drone/src/drone_model/sjtu_drone_bringup' returned '0': PYTHONPATH=/home/nambiar/Autonomous_Drone/build/sjtu_drone_bringup/prefix_override:/home/nambiar/Autonomous_Drone/install/sjtu_drone_bringup/lib/python3.10/site-packages:${PYTHONPATH} /usr/bin/python3 -W ignore:setup.py install is deprecated setup.py egg_info --egg-base ../../../build/sjtu_drone_bringup build --build-base /home/nambiar/Autonomous_Drone/build/sjtu_drone_bringup/build install --record /home/nambiar/Autonomous_Drone/build/sjtu_drone_bringup/install.log --single-version-externally-managed install_data
[1.211s] Level 1:colcon.colcon_core.environment:checking '/home/nambiar/Autonomous_Drone/install/sjtu_drone_bringup' for CMake module files
[1.211s] Level 1:colcon.colcon_core.environment:checking '/home/nambiar/Autonomous_Drone/install/sjtu_drone_bringup' for CMake config files
[1.212s] Level 1:colcon.colcon_core.environment:checking '/home/nambiar/Autonomous_Drone/install/sjtu_drone_bringup/lib'
[1.212s] Level 1:colcon.colcon_core.environment:checking '/home/nambiar/Autonomous_Drone/install/sjtu_drone_bringup/bin'
[1.212s] Level 1:colcon.colcon_core.environment:checking '/home/nambiar/Autonomous_Drone/install/sjtu_drone_bringup/lib/pkgconfig/sjtu_drone_bringup.pc'
[1.212s] Level 1:colcon.colcon_core.environment:checking '/home/nambiar/Autonomous_Drone/install/sjtu_drone_bringup/lib/python3.10/site-packages'
[1.212s] Level 1:colcon.colcon_core.shell:create_environment_hook('sjtu_drone_bringup', 'pythonpath')
[1.212s] INFO:colcon.colcon_core.shell:Creating environment hook '/home/nambiar/Autonomous_Drone/install/sjtu_drone_bringup/share/sjtu_drone_bringup/hook/pythonpath.ps1'
[1.212s] INFO:colcon.colcon_core.shell:Creating environment descriptor '/home/nambiar/Autonomous_Drone/install/sjtu_drone_bringup/share/sjtu_drone_bringup/hook/pythonpath.dsv'
[1.213s] INFO:colcon.colcon_core.shell:Creating environment hook '/home/nambiar/Autonomous_Drone/install/sjtu_drone_bringup/share/sjtu_drone_bringup/hook/pythonpath.sh'
[1.213s] Level 1:colcon.colcon_core.environment:checking '/home/nambiar/Autonomous_Drone/install/sjtu_drone_bringup/bin'
[1.213s] Level 1:colcon.colcon_core.environment:create_environment_scripts_only(sjtu_drone_bringup)
[1.213s] INFO:colcon.colcon_core.shell:Creating package script '/home/nambiar/Autonomous_Drone/install/sjtu_drone_bringup/share/sjtu_drone_bringup/package.ps1'
[1.214s] INFO:colcon.colcon_core.shell:Creating package descriptor '/home/nambiar/Autonomous_Drone/install/sjtu_drone_bringup/share/sjtu_drone_bringup/package.dsv'
[1.214s] INFO:colcon.colcon_core.shell:Creating package script '/home/nambiar/Autonomous_Drone/install/sjtu_drone_bringup/share/sjtu_drone_bringup/package.sh'
[1.215s] INFO:colcon.colcon_core.shell:Creating package script '/home/nambiar/Autonomous_Drone/install/sjtu_drone_bringup/share/sjtu_drone_bringup/package.bash'
[1.215s] INFO:colcon.colcon_core.shell:Creating package script '/home/nambiar/Autonomous_Drone/install/sjtu_drone_bringup/share/sjtu_drone_bringup/package.zsh'
[1.215s] Level 1:colcon.colcon_core.environment:create_file_with_runtime_dependencies(/home/nambiar/Autonomous_Drone/install/sjtu_drone_bringup/share/colcon-core/packages/sjtu_drone_bringup)
[2.881s] DEBUG:colcon.colcon_core.event_handler.log_command:Invoked command in '/home/nambiar/Autonomous_Drone/build/sjtu_drone_description' returned '0': CMAKE_PREFIX_PATH=/opt/ros/humble /usr/bin/cmake /home/nambiar/Autonomous_Drone/src/drone_model/sjtu_drone_description -DCMAKE_INSTALL_PREFIX=/home/nambiar/Autonomous_Drone/install/sjtu_drone_description
[2.883s] DEBUG:colcon.colcon_core.event_handler.log_command:Invoking command in '/home/nambiar/Autonomous_Drone/build/sjtu_drone_description': CMAKE_PREFIX_PATH=/opt/ros/humble /usr/bin/cmake --build /home/nambiar/Autonomous_Drone/build/sjtu_drone_description -- -j12 -l12
[27.697s] DEBUG:colcon.colcon_core.event_handler.log_command:Invoked command in '/home/nambiar/Autonomous_Drone/build/sjtu_drone_description' returned '0': CMAKE_PREFIX_PATH=/opt/ros/humble /usr/bin/cmake --build /home/nambiar/Autonomous_Drone/build/sjtu_drone_description -- -j12 -l12
[27.732s] DEBUG:colcon.colcon_core.event_handler.log_command:Invoking command in '/home/nambiar/Autonomous_Drone/build/sjtu_drone_description': CMAKE_PREFIX_PATH=/opt/ros/humble /usr/bin/cmake --install /home/nambiar/Autonomous_Drone/build/sjtu_drone_description
[27.767s] Level 1:colcon.colcon_core.environment:create_environment_scripts_only(sjtu_drone_description)
[27.767s] Level 1:colcon.colcon_core.environment:checking '/home/nambiar/Autonomous_Drone/install/sjtu_drone_description' for CMake module files
[27.767s] DEBUG:colcon.colcon_core.event_handler.log_command:Invoked command in '/home/nambiar/Autonomous_Drone/build/sjtu_drone_description' returned '0': CMAKE_PREFIX_PATH=/opt/ros/humble /usr/bin/cmake --install /home/nambiar/Autonomous_Drone/build/sjtu_drone_description
[27.768s] Level 1:colcon.colcon_core.environment:checking '/home/nambiar/Autonomous_Drone/install/sjtu_drone_description' for CMake config files
[27.768s] Level 1:colcon.colcon_core.shell:create_environment_hook('sjtu_drone_description', 'cmake_prefix_path')
[27.768s] INFO:colcon.colcon_core.shell:Creating environment hook '/home/nambiar/Autonomous_Drone/install/sjtu_drone_description/share/sjtu_drone_description/hook/cmake_prefix_path.ps1'
[27.768s] INFO:colcon.colcon_core.shell:Creating environment descriptor '/home/nambiar/Autonomous_Drone/install/sjtu_drone_description/share/sjtu_drone_description/hook/cmake_prefix_path.dsv'
[27.769s] INFO:colcon.colcon_core.shell:Creating environment hook '/home/nambiar/Autonomous_Drone/install/sjtu_drone_description/share/sjtu_drone_description/hook/cmake_prefix_path.sh'
[27.769s] Level 1:colcon.colcon_core.environment:checking '/home/nambiar/Autonomous_Drone/install/sjtu_drone_description/lib'
[27.769s] Level 1:colcon.colcon_core.shell:create_environment_hook('sjtu_drone_description', 'ld_library_path_lib')
[27.769s] INFO:colcon.colcon_core.shell:Creating environment hook '/home/nambiar/Autonomous_Drone/install/sjtu_drone_description/share/sjtu_drone_description/hook/ld_library_path_lib.ps1'
[27.769s] INFO:colcon.colcon_core.shell:Creating environment descriptor '/home/nambiar/Autonomous_Drone/install/sjtu_drone_description/share/sjtu_drone_description/hook/ld_library_path_lib.dsv'
[27.770s] INFO:colcon.colcon_core.shell:Creating environment hook '/home/nambiar/Autonomous_Drone/install/sjtu_drone_description/share/sjtu_drone_description/hook/ld_library_path_lib.sh'
[27.770s] Level 1:colcon.colcon_core.environment:checking '/home/nambiar/Autonomous_Drone/install/sjtu_drone_description/bin'
[27.770s] Level 1:colcon.colcon_core.environment:checking '/home/nambiar/Autonomous_Drone/install/sjtu_drone_description/lib/pkgconfig/sjtu_drone_description.pc'
[27.770s] Level 1:colcon.colcon_core.environment:checking '/home/nambiar/Autonomous_Drone/install/sjtu_drone_description/lib/python3.10/site-packages'
[27.770s] Level 1:colcon.colcon_core.environment:checking '/home/nambiar/Autonomous_Drone/install/sjtu_drone_description/bin'
[27.770s] INFO:colcon.colcon_core.shell:Creating package script '/home/nambiar/Autonomous_Drone/install/sjtu_drone_description/share/sjtu_drone_description/package.ps1'
[27.771s] INFO:colcon.colcon_core.shell:Creating package descriptor '/home/nambiar/Autonomous_Drone/install/sjtu_drone_description/share/sjtu_drone_description/package.dsv'
[27.771s] INFO:colcon.colcon_core.shell:Creating package script '/home/nambiar/Autonomous_Drone/install/sjtu_drone_description/share/sjtu_drone_description/package.sh'
[27.771s] INFO:colcon.colcon_core.shell:Creating package script '/home/nambiar/Autonomous_Drone/install/sjtu_drone_description/share/sjtu_drone_description/package.bash'
[27.771s] INFO:colcon.colcon_core.shell:Creating package script '/home/nambiar/Autonomous_Drone/install/sjtu_drone_description/share/sjtu_drone_description/package.zsh'
[27.772s] Level 1:colcon.colcon_core.environment:create_file_with_runtime_dependencies(/home/nambiar/Autonomous_Drone/install/sjtu_drone_description/share/colcon-core/packages/sjtu_drone_description)
[27.799s] Level 1:colcon.colcon_core.environment:create_environment_scripts_only(sjtu_drone_description)
[27.799s] Level 1:colcon.colcon_core.environment:checking '/home/nambiar/Autonomous_Drone/install/sjtu_drone_description' for CMake module files
[27.800s] Level 1:colcon.colcon_core.environment:checking '/home/nambiar/Autonomous_Drone/install/sjtu_drone_description' for CMake config files
[27.800s] Level 1:colcon.colcon_core.shell:create_environment_hook('sjtu_drone_description', 'cmake_prefix_path')
[27.800s] INFO:colcon.colcon_core.shell:Creating environment hook '/home/nambiar/Autonomous_Drone/install/sjtu_drone_description/share/sjtu_drone_description/hook/cmake_prefix_path.ps1'
[27.800s] INFO:colcon.colcon_core.shell:Creating environment descriptor '/home/nambiar/Autonomous_Drone/install/sjtu_drone_description/share/sjtu_drone_description/hook/cmake_prefix_path.dsv'
[27.800s] INFO:colcon.colcon_core.shell:Creating environment hook '/home/nambiar/Autonomous_Drone/install/sjtu_drone_description/share/sjtu_drone_description/hook/cmake_prefix_path.sh'
[27.801s] Level 1:colcon.colcon_core.environment:checking '/home/nambiar/Autonomous_Drone/install/sjtu_drone_description/lib'
[27.801s] Level 1:colcon.colcon_core.shell:create_environment_hook('sjtu_drone_description', 'ld_library_path_lib')
[27.801s] INFO:colcon.colcon_core.shell:Creating environment hook '/home/nambiar/Autonomous_Drone/install/sjtu_drone_description/share/sjtu_drone_description/hook/ld_library_path_lib.ps1'
[27.801s] INFO:colcon.colcon_core.shell:Creating environment descriptor '/home/nambiar/Autonomous_Drone/install/sjtu_drone_description/share/sjtu_drone_description/hook/ld_library_path_lib.dsv'
[27.802s] INFO:colcon.colcon_core.shell:Creating environment hook '/home/nambiar/Autonomous_Drone/install/sjtu_drone_description/share/sjtu_drone_description/hook/ld_library_path_lib.sh'
[27.802s] Level 1:colcon.colcon_core.environment:checking '/home/nambiar/Autonomous_Drone/install/sjtu_drone_description/bin'
[27.802s] Level 1:colcon.colcon_core.environment:checking '/home/nambiar/Autonomous_Drone/install/sjtu_drone_description/lib/pkgconfig/sjtu_drone_description.pc'
[27.802s] Level 1:colcon.colcon_core.environment:checking '/home/nambiar/Autonomous_Drone/install/sjtu_drone_description/lib/python3.10/site-packages'
[27.802s] Level 1:colcon.colcon_core.environment:checking '/home/nambiar/Autonomous_Drone/install/sjtu_drone_description/bin'
[27.802s] INFO:colcon.colcon_core.shell:Creating package script '/home/nambiar/Autonomous_Drone/install/sjtu_drone_description/share/sjtu_drone_description/package.ps1'
[27.803s] INFO:colcon.colcon_core.shell:Creating package descriptor '/home/nambiar/Autonomous_Drone/install/sjtu_drone_description/share/sjtu_drone_description/package.dsv'
[27.803s] INFO:colcon.colcon_core.shell:Creating package script '/home/nambiar/Autonomous_Drone/install/sjtu_drone_description/share/sjtu_drone_description/package.sh'
[27.803s] INFO:colcon.colcon_core.shell:Creating package script '/home/nambiar/Autonomous_Drone/install/sjtu_drone_description/share/sjtu_drone_description/package.bash'
[27.804s] INFO:colcon.colcon_core.shell:Creating package script '/home/nambiar/Autonomous_Drone/install/sjtu_drone_description/share/sjtu_drone_description/package.zsh'
[27.804s] Level 1:colcon.colcon_core.environment:create_file_with_runtime_dependencies(/home/nambiar/Autonomous_Drone/install/sjtu_drone_description/share/colcon-core/packages/sjtu_drone_description)
[27.804s] DEBUG:colcon.colcon_parallel_executor.executor.parallel:closing loop
[27.804s] DEBUG:colcon.colcon_parallel_executor.executor.parallel:loop closed
[27.804s] DEBUG:colcon.colcon_parallel_executor.executor.parallel:run_until_complete finished with '0'
[27.804s] DEBUG:colcon.colcon_core.event_reactor:joining thread
[27.808s] INFO:colcon.colcon_core.plugin_system:Skipping extension 'colcon_notification.desktop_notification.terminal_notifier': Not used on non-Darwin systems
[27.808s] INFO:colcon.colcon_core.plugin_system:Skipping extension 'colcon_notification.desktop_notification.win32': Not used on non-Windows systems
[27.808s] INFO:colcon.colcon_notification.desktop_notification:Sending desktop notification using 'notify2'
[27.817s] DEBUG:colcon.colcon_core.event_reactor:joined thread
[27.818s] INFO:colcon.colcon_core.shell:Creating prefix script '/home/nambiar/Autonomous_Drone/install/local_setup.ps1'
[27.819s] INFO:colcon.colcon_core.shell:Creating prefix util module '/home/nambiar/Autonomous_Drone/install/_local_setup_util_ps1.py'
[27.819s] INFO:colcon.colcon_core.shell:Creating prefix chain script '/home/nambiar/Autonomous_Drone/install/setup.ps1'
[27.820s] INFO:colcon.colcon_core.shell:Creating prefix script '/home/nambiar/Autonomous_Drone/install/local_setup.sh'
[27.821s] INFO:colcon.colcon_core.shell:Creating prefix util module '/home/nambiar/Autonomous_Drone/install/_local_setup_util_sh.py'
[27.821s] INFO:colcon.colcon_core.shell:Creating prefix chain script '/home/nambiar/Autonomous_Drone/install/setup.sh'
[27.822s] INFO:colcon.colcon_core.shell:Creating prefix script '/home/nambiar/Autonomous_Drone/install/local_setup.bash'
[27.822s] INFO:colcon.colcon_core.shell:Creating prefix chain script '/home/nambiar/Autonomous_Drone/install/setup.bash'
[27.822s] INFO:colcon.colcon_core.shell:Creating prefix script '/home/nambiar/Autonomous_Drone/install/local_setup.zsh'
[27.823s] INFO:colcon.colcon_core.shell:Creating prefix chain script '/home/nambiar/Autonomous_Drone/install/setup.zsh'
