[0.628s] Invoking command in '/home/nambiar/Autonomous_Drone/src/drone_model/sjtu_drone_bringup': PYTHONPATH=/home/nambiar/Autonomous_Drone/build/sjtu_drone_bringup/prefix_override:/home/nambiar/Autonomous_Drone/install/sjtu_drone_bringup/lib/python3.10/site-packages:${PYTHONPATH} /usr/bin/python3 -W ignore:setup.py install is deprecated setup.py egg_info --egg-base ../../../build/sjtu_drone_bringup build --build-base /home/nambiar/Autonomous_Drone/build/sjtu_drone_bringup/build install --record /home/nambiar/Autonomous_Drone/build/sjtu_drone_bringup/install.log --single-version-externally-managed install_data
[0.821s] running egg_info
[0.821s] creating ../../../build/sjtu_drone_bringup/sjtu_drone_bringup.egg-info
[0.834s] writing ../../../build/sjtu_drone_bringup/sjtu_drone_bringup.egg-info/PKG-INFO
[0.834s] writing dependency_links to ../../../build/sjtu_drone_bringup/sjtu_drone_bringup.egg-info/dependency_links.txt
[0.835s] writing entry points to ../../../build/sjtu_drone_bringup/sjtu_drone_bringup.egg-info/entry_points.txt
[0.835s] writing requirements to ../../../build/sjtu_drone_bringup/sjtu_drone_bringup.egg-info/requires.txt
[0.835s] writing top-level names to ../../../build/sjtu_drone_bringup/sjtu_drone_bringup.egg-info/top_level.txt
[0.835s] writing manifest file '../../../build/sjtu_drone_bringup/sjtu_drone_bringup.egg-info/SOURCES.txt'
[0.861s] reading manifest file '../../../build/sjtu_drone_bringup/sjtu_drone_bringup.egg-info/SOURCES.txt'
[0.861s] writing manifest file '../../../build/sjtu_drone_bringup/sjtu_drone_bringup.egg-info/SOURCES.txt'
[0.861s] running build
[0.861s] running build_py
[0.862s] creating /home/nambiar/Autonomous_Drone/build/sjtu_drone_bringup/build
[0.862s] creating /home/nambiar/Autonomous_Drone/build/sjtu_drone_bringup/build/lib
[0.862s] creating /home/nambiar/Autonomous_Drone/build/sjtu_drone_bringup/build/lib/sjtu_drone_bringup
[0.862s] copying sjtu_drone_bringup/spawn_drone.py -> /home/nambiar/Autonomous_Drone/build/sjtu_drone_bringup/build/lib/sjtu_drone_bringup
[0.862s] copying sjtu_drone_bringup/__init__.py -> /home/nambiar/Autonomous_Drone/build/sjtu_drone_bringup/build/lib/sjtu_drone_bringup
[0.862s] running install
[0.866s] running install_lib
[0.880s] creating /home/nambiar/Autonomous_Drone/install/sjtu_drone_bringup/lib/python3.10/site-packages/sjtu_drone_bringup
[0.880s] copying /home/nambiar/Autonomous_Drone/build/sjtu_drone_bringup/build/lib/sjtu_drone_bringup/spawn_drone.py -> /home/nambiar/Autonomous_Drone/install/sjtu_drone_bringup/lib/python3.10/site-packages/sjtu_drone_bringup
[0.880s] copying /home/nambiar/Autonomous_Drone/build/sjtu_drone_bringup/build/lib/sjtu_drone_bringup/__init__.py -> /home/nambiar/Autonomous_Drone/install/sjtu_drone_bringup/lib/python3.10/site-packages/sjtu_drone_bringup
[0.880s] byte-compiling /home/nambiar/Autonomous_Drone/install/sjtu_drone_bringup/lib/python3.10/site-packages/sjtu_drone_bringup/spawn_drone.py to spawn_drone.cpython-310.pyc
[0.881s] byte-compiling /home/nambiar/Autonomous_Drone/install/sjtu_drone_bringup/lib/python3.10/site-packages/sjtu_drone_bringup/__init__.py to __init__.cpython-310.pyc
[0.881s] running install_data
[0.881s] creating /home/nambiar/Autonomous_Drone/install/sjtu_drone_bringup/share/ament_index
[0.881s] creating /home/nambiar/Autonomous_Drone/install/sjtu_drone_bringup/share/ament_index/resource_index
[0.881s] creating /home/nambiar/Autonomous_Drone/install/sjtu_drone_bringup/share/ament_index/resource_index/packages
[0.881s] copying resource/sjtu_drone_bringup -> /home/nambiar/Autonomous_Drone/install/sjtu_drone_bringup/share/ament_index/resource_index/packages
[0.881s] copying package.xml -> /home/nambiar/Autonomous_Drone/install/sjtu_drone_bringup/share/sjtu_drone_bringup
[0.881s] creating /home/nambiar/Autonomous_Drone/install/sjtu_drone_bringup/share/sjtu_drone_bringup/launch
[0.881s] copying launch/sjtu_drone_gazebo.launch.py -> /home/nambiar/Autonomous_Drone/install/sjtu_drone_bringup/share/sjtu_drone_bringup/launch
[0.882s] copying launch/sjtu_drone_bringup.launch.py -> /home/nambiar/Autonomous_Drone/install/sjtu_drone_bringup/share/sjtu_drone_bringup/launch
[0.882s] creating /home/nambiar/Autonomous_Drone/install/sjtu_drone_bringup/share/sjtu_drone_bringup/rviz
[0.882s] copying rviz/rviz.rviz -> /home/nambiar/Autonomous_Drone/install/sjtu_drone_bringup/share/sjtu_drone_bringup/rviz
[0.882s] running install_egg_info
[0.896s] Copying ../../../build/sjtu_drone_bringup/sjtu_drone_bringup.egg-info to /home/nambiar/Autonomous_Drone/install/sjtu_drone_bringup/lib/python3.10/site-packages/sjtu_drone_bringup-0.0.0-py3.10.egg-info
[0.896s] running install_scripts
[1.011s] Installing spawn_drone script to /home/nambiar/Autonomous_Drone/install/sjtu_drone_bringup/lib/sjtu_drone_bringup
[1.012s] writing list of installed files to '/home/nambiar/Autonomous_Drone/build/sjtu_drone_bringup/install.log'
[1.033s] Invoked command in '/home/nambiar/Autonomous_Drone/src/drone_model/sjtu_drone_bringup' returned '0': PYTHONPATH=/home/nambiar/Autonomous_Drone/build/sjtu_drone_bringup/prefix_override:/home/nambiar/Autonomous_Drone/install/sjtu_drone_bringup/lib/python3.10/site-packages:${PYTHONPATH} /usr/bin/python3 -W ignore:setup.py install is deprecated setup.py egg_info --egg-base ../../../build/sjtu_drone_bringup build --build-base /home/nambiar/Autonomous_Drone/build/sjtu_drone_bringup/build install --record /home/nambiar/Autonomous_Drone/build/sjtu_drone_bringup/install.log --single-version-externally-managed install_data
