[0.169s] Invoking command in '/home/nambiar/Autonomous_Drone/build/sjtu_drone_description': CMAKE_PREFIX_PATH=/opt/ros/humble /usr/bin/cmake /home/nambiar/Autonomous_Drone/src/drone_model/sjtu_drone_description -DCMAKE_INSTALL_PREFIX=/home/nambiar/Autonomous_Drone/install/sjtu_drone_description
[0.216s] -- The C compiler identification is GNU 11.4.0
[0.265s] -- The CXX compiler identification is GNU 11.4.0
[0.273s] -- Detecting C compiler ABI info
[0.325s] -- Detecting C compiler ABI info - done
[0.329s] -- Check for working C compiler: /usr/lib/ccache/cc - skipped
[0.330s] -- Detecting C compile features
[0.330s] -- Detecting C compile features - done
[0.332s] -- Detecting CXX compiler ABI info
[0.392s] -- Detecting CXX compiler ABI info - done
[0.397s] -- Check for working CXX compiler: /usr/lib/ccache/c++ - skipped
[0.397s] -- Detecting CXX compile features
[0.398s] -- Detecting CXX compile features - done
[0.402s] -- Found PkgConfig: /usr/bin/pkg-config (found version "0.29.2") 
[0.402s] -- Checking for module 'OGRE'
[0.413s] --   Found OGRE, version 1.9.0
[0.446s] -- Checking for module 'OGRE-Terrain'
[0.457s] --   Found OGRE-Terrain, version 1.9.0
[0.489s] -- Found ament_cmake: 1.3.9 (/opt/ros/humble/share/ament_cmake/cmake)
[0.761s] -- Found Python3: /usr/bin/python3 (found version "3.10.12") found components: Interpreter 
[0.827s] -- Found ament_cmake_ros: 0.10.0 (/opt/ros/humble/share/ament_cmake_ros/cmake)
[0.834s] -- Found rclcpp: 16.0.9 (/opt/ros/humble/share/rclcpp/cmake)
[0.865s] -- Found rosidl_generator_c: 3.1.5 (/opt/ros/humble/share/rosidl_generator_c/cmake)
[0.869s] -- Found rosidl_adapter: 3.1.5 (/opt/ros/humble/share/rosidl_adapter/cmake)
[0.876s] -- Found rosidl_generator_cpp: 3.1.5 (/opt/ros/humble/share/rosidl_generator_cpp/cmake)
[0.886s] -- Using all available rosidl_typesupport_c: rosidl_typesupport_fastrtps_c;rosidl_typesupport_introspection_c
[0.901s] -- Using all available rosidl_typesupport_cpp: rosidl_typesupport_fastrtps_cpp;rosidl_typesupport_introspection_cpp
[0.953s] -- Found rmw_implementation_cmake: 6.1.2 (/opt/ros/humble/share/rmw_implementation_cmake/cmake)
[0.954s] -- Found rmw_fastrtps_cpp: 6.2.6 (/opt/ros/humble/share/rmw_fastrtps_cpp/cmake)
[1.044s] -- Found OpenSSL: /usr/lib/x86_64-linux-gnu/libcrypto.so (found version "3.0.2")  
[1.070s] -- Found FastRTPS: /opt/ros/humble/include  
[1.113s] -- Using RMW implementation 'rmw_fastrtps_cpp' as default
[1.120s] -- Looking for pthread.h
[1.196s] -- Looking for pthread.h - found
[1.196s] -- Performing Test CMAKE_HAVE_LIBC_PTHREAD
[1.272s] -- Performing Test CMAKE_HAVE_LIBC_PTHREAD - Success
[1.273s] -- Found Threads: TRUE  
[1.387s] -- Found gazebo_ros: 3.7.0 (/opt/ros/humble/share/gazebo_ros/cmake)
[1.398s] -- Checking for module 'bullet>=2.82'
[1.410s] --   Found bullet, version 3.05
[1.513s] -- Found fcl: /usr/include (found suitable version "0.7.0", minimum required is "0.5.0") 
[1.561s] -- Found assimp: /usr/include (found version "5.2.0") 
[1.577s] -- Found DART: /usr/include (Required is at least version "6.6") found components: dart 
[1.599s] -- Found Boost: /usr/lib/x86_64-linux-gnu/cmake/Boost-1.74.0/BoostConfig.cmake (found suitable version "1.74.0", minimum required is "1.40.0") found components: thread system filesystem program_options regex iostreams date_time 
[1.609s] -- Found Protobuf: /usr/lib/x86_64-linux-gnu/libprotobuf.so (found version "3.12.4") 
[1.613s] -- Looking for ignition-math6 -- found version 6.15.1
[1.618s] -- Searching for dependencies of ignition-math6
[1.619s] -- Looking for OGRE...
[1.620s] -- OGRE_PREFIX_WATCH changed.
[1.624s] -- Checking for module 'OGRE'
[1.636s] --   Found OGRE, version 1.9.0
[1.669s] -- Found Ogre Ghadamon (1.9.0)
[1.682s] -- Looking for OGRE_Paging...
[1.686s] -- Found OGRE_Paging: optimized;/usr/lib/x86_64-linux-gnu/libOgrePaging.so;debug;/usr/lib/x86_64-linux-gnu/libOgrePaging.so
[1.686s] -- Looking for OGRE_Terrain...
[1.689s] -- Found OGRE_Terrain: optimized;/usr/lib/x86_64-linux-gnu/libOgreTerrain.so;debug;/usr/lib/x86_64-linux-gnu/libOgreTerrain.so
[1.689s] -- Looking for OGRE_Property...
[1.693s] -- Found OGRE_Property: optimized;/usr/lib/x86_64-linux-gnu/libOgreProperty.so;debug;/usr/lib/x86_64-linux-gnu/libOgreProperty.so
[1.693s] -- Looking for OGRE_RTShaderSystem...
[1.696s] -- Found OGRE_RTShaderSystem: optimized;/usr/lib/x86_64-linux-gnu/libOgreRTShaderSystem.so;debug;/usr/lib/x86_64-linux-gnu/libOgreRTShaderSystem.so
[1.697s] -- Looking for OGRE_Volume...
[1.700s] -- Found OGRE_Volume: optimized;/usr/lib/x86_64-linux-gnu/libOgreVolume.so;debug;/usr/lib/x86_64-linux-gnu/libOgreVolume.so
[1.700s] -- Looking for OGRE_Overlay...
[1.704s] -- Found OGRE_Overlay: optimized;/usr/lib/x86_64-linux-gnu/libOgreOverlay.so;debug;/usr/lib/x86_64-linux-gnu/libOgreOverlay.so
[1.781s] -- Looking for ignition-math6 -- found version 6.15.1
[1.783s] -- Looking for ignition-transport8 -- found version 8.2.1
[1.784s] -- Searching for dependencies of ignition-transport8
[1.801s] -- Found Protobuf: /usr/lib/x86_64-linux-gnu/libprotobuf.so (found suitable version "3.12.4", minimum required is "3") 
[1.813s] -- Config-file not installed for ZeroMQ -- checking for pkg-config
[1.817s] -- Checking for module 'libzmq >= 4'
[1.829s] --   Found libzmq , version 4.3.4
[1.866s] -- Found ZeroMQ: TRUE (Required is at least version "4") 
[1.871s] -- Checking for module 'uuid'
[1.883s] --   Found uuid, version 2.37.2
[1.916s] -- Found UUID: TRUE  
[1.917s] -- Looking for ignition-msgs5 -- found version 5.8.1
[1.918s] -- Searching for dependencies of ignition-msgs5
[1.936s] -- Looking for ignition-math6 -- found version 6.15.1
[1.941s] -- Checking for module 'tinyxml2'
[1.954s] --   Found tinyxml2, version 9.0.0
[1.988s] -- Looking for ignition-msgs5 -- found version 5.8.1
[1.990s] -- Looking for ignition-common3 -- found version 3.14.0
[1.990s] -- Searching for dependencies of ignition-common3
[1.990s] -- Looking for dlfcn.h - found
[1.991s] -- Looking for libdl - found
[1.992s] -- Found DL: TRUE  
[2.001s] -- Found tinyobjloader: /usr/lib/x86_64-linux-gnu/cmake/tinyobjloader/tinyobjloader-config.cmake (found version "2.0.0") 
[2.001s] -- Searching for <ignition-common3> component [graphics]
[2.003s] -- Looking for ignition-common3-graphics -- found version 3.14.0
[2.004s] -- Searching for dependencies of ignition-common3-graphics
[2.004s] -- Looking for ignition-math6 -- found version 6.15.1
[2.006s] -- Looking for ignition-fuel_tools4 -- found version 4.4.0
[2.006s] -- Searching for dependencies of ignition-fuel_tools4
[2.082s] -- Found CURL: /usr/lib/x86_64-linux-gnu/libcurl.so (found version "7.81.0")  
[2.089s] -- Checking for module 'jsoncpp'
[2.101s] --   Found jsoncpp, version 1.9.5
[2.134s] -- Found JSONCPP: TRUE  
[2.139s] -- Checking for module 'libzip'
[2.151s] --   Found libzip, version 1.7.3
[2.187s] -- Found ZIP: TRUE  
[2.188s] -- Looking for ignition-common3 -- found version 3.14.0
[2.188s] -- Looking for ignition-math6 -- found version 6.15.1
[2.188s] -- Looking for ignition-msgs5 -- found version 5.8.1
[2.191s] -- Gazebo version: 11.10
[2.191s] -- Checking for module 'tbb'
[2.204s] --   Found tbb, version 2021.5.0
[2.241s] -- Found gazebo_plugins: 3.7.0 (/opt/ros/humble/share/gazebo_plugins/cmake)
[2.457s] -- Found sensor_msgs: 4.2.4 (/opt/ros/humble/share/sensor_msgs/cmake)
[2.587s] -- Found ament_lint_auto: 0.12.11 (/opt/ros/humble/share/ament_lint_auto/cmake)
[2.648s] -- Added test 'cppcheck' to perform static code analysis on C / C++ code
[2.648s] -- Configured cppcheck include dirs: /home/nambiar/Autonomous_Drone/src/drone_model/sjtu_drone_description/include;$<BUILD_INTERFACE:/home/nambiar/Autonomous_Drone/src/drone_model/sjtu_drone_description/include>
[2.648s] -- Configured cppcheck exclude dirs and/or files: 
[2.649s] -- Added test 'lint_cmake' to check CMake code style
[2.651s] -- Added test 'uncrustify' to check C / C++ code style
[2.651s] -- Configured uncrustify additional arguments: 
[2.652s] -- Added test 'xmllint' to check XML markup files
[2.654s] -- Configuring done
[2.687s] -- Generating done
[2.689s] -- Build files have been written to: /home/nambiar/Autonomous_Drone/build/sjtu_drone_description
[2.699s] Invoked command in '/home/nambiar/Autonomous_Drone/build/sjtu_drone_description' returned '0': CMAKE_PREFIX_PATH=/opt/ros/humble /usr/bin/cmake /home/nambiar/Autonomous_Drone/src/drone_model/sjtu_drone_description -DCMAKE_INSTALL_PREFIX=/home/nambiar/Autonomous_Drone/install/sjtu_drone_description
[2.701s] Invoking command in '/home/nambiar/Autonomous_Drone/build/sjtu_drone_description': CMAKE_PREFIX_PATH=/opt/ros/humble /usr/bin/cmake --build /home/nambiar/Autonomous_Drone/build/sjtu_drone_description -- -j12 -l12
[2.748s] [ 66%] [32mBuilding CXX object CMakeFiles/plugin_drone.dir/src/plugin_drone.cpp.o[0m
[2.748s] [ 66%] [32mBuilding CXX object CMakeFiles/plugin_drone.dir/src/pid_controller.cpp.o[0m
[26.428s] [100%] [32m[1mLinking CXX shared library /home/nambiar/Autonomous_Drone/src/drone_model/sjtu_drone_description/plugins/libplugin_drone.so[0m
[27.505s] [100%] Built target plugin_drone
[27.516s] Invoked command in '/home/nambiar/Autonomous_Drone/build/sjtu_drone_description' returned '0': CMAKE_PREFIX_PATH=/opt/ros/humble /usr/bin/cmake --build /home/nambiar/Autonomous_Drone/build/sjtu_drone_description -- -j12 -l12
[27.551s] Invoking command in '/home/nambiar/Autonomous_Drone/build/sjtu_drone_description': CMAKE_PREFIX_PATH=/opt/ros/humble /usr/bin/cmake --install /home/nambiar/Autonomous_Drone/build/sjtu_drone_description
[27.557s] -- Install configuration: ""
[27.557s] -- Installing: /home/nambiar/Autonomous_Drone/install/sjtu_drone_description/include
[27.557s] -- Installing: /home/nambiar/Autonomous_Drone/install/sjtu_drone_description/include/pid_controller.h
[27.557s] -- Installing: /home/nambiar/Autonomous_Drone/install/sjtu_drone_description/include/plugin_drone.h
[27.557s] -- Installing: /home/nambiar/Autonomous_Drone/install/sjtu_drone_description/lib/libplugin_drone.so
[27.579s] -- Set runtime path of "/home/nambiar/Autonomous_Drone/install/sjtu_drone_description/lib/libplugin_drone.so" to ""
[27.579s] -- Installing: /home/nambiar/Autonomous_Drone/install/sjtu_drone_description/share/sjtu_drone_description/environment/library_path.sh
[27.579s] -- Installing: /home/nambiar/Autonomous_Drone/install/sjtu_drone_description/share/sjtu_drone_description/environment/library_path.dsv
[27.579s] -- Installing: /home/nambiar/Autonomous_Drone/install/sjtu_drone_description/share/sjtu_drone_description/models
[27.579s] -- Installing: /home/nambiar/Autonomous_Drone/install/sjtu_drone_description/share/sjtu_drone_description/models/sjtu_drone
[27.579s] -- Installing: /home/nambiar/Autonomous_Drone/install/sjtu_drone_description/share/sjtu_drone_description/models/sjtu_drone/quadrotor_4.dae
[27.579s] -- Installing: /home/nambiar/Autonomous_Drone/install/sjtu_drone_description/share/sjtu_drone_description/models/sjtu_drone/sjtu_drone.sdf
[27.580s] -- Installing: /home/nambiar/Autonomous_Drone/install/sjtu_drone_description/share/sjtu_drone_description/models/sjtu_drone/quadrotor_4.stl
[27.580s] -- Installing: /home/nambiar/Autonomous_Drone/install/sjtu_drone_description/share/sjtu_drone_description/models/sjtu_drone/model.config
[27.580s] -- Installing: /home/nambiar/Autonomous_Drone/install/sjtu_drone_description/share/sjtu_drone_description/models/database.config
[27.580s] -- Installing: /home/nambiar/Autonomous_Drone/install/sjtu_drone_description/share/sjtu_drone_description/urdf
[27.580s] -- Installing: /home/nambiar/Autonomous_Drone/install/sjtu_drone_description/share/sjtu_drone_description/urdf/sjtu_drone.urdf.xacro
[27.580s] -- Installing: /home/nambiar/Autonomous_Drone/install/sjtu_drone_description/share/sjtu_drone_description/urdf/sjtu_drone.urdf
[27.580s] -- Installing: /home/nambiar/Autonomous_Drone/install/sjtu_drone_description/share/sjtu_drone_description/worlds
[27.580s] -- Installing: /home/nambiar/Autonomous_Drone/install/sjtu_drone_description/share/sjtu_drone_description/worlds/cafe.world
[27.581s] -- Installing: /home/nambiar/Autonomous_Drone/install/sjtu_drone_description/share/ament_index/resource_index/package_run_dependencies/sjtu_drone_description
[27.581s] -- Installing: /home/nambiar/Autonomous_Drone/install/sjtu_drone_description/share/ament_index/resource_index/parent_prefix_path/sjtu_drone_description
[27.581s] -- Installing: /home/nambiar/Autonomous_Drone/install/sjtu_drone_description/share/sjtu_drone_description/environment/ament_prefix_path.sh
[27.581s] -- Installing: /home/nambiar/Autonomous_Drone/install/sjtu_drone_description/share/sjtu_drone_description/environment/ament_prefix_path.dsv
[27.581s] -- Installing: /home/nambiar/Autonomous_Drone/install/sjtu_drone_description/share/sjtu_drone_description/environment/path.sh
[27.581s] -- Installing: /home/nambiar/Autonomous_Drone/install/sjtu_drone_description/share/sjtu_drone_description/environment/path.dsv
[27.582s] -- Installing: /home/nambiar/Autonomous_Drone/install/sjtu_drone_description/share/sjtu_drone_description/local_setup.bash
[27.582s] -- Installing: /home/nambiar/Autonomous_Drone/install/sjtu_drone_description/share/sjtu_drone_description/local_setup.sh
[27.582s] -- Installing: /home/nambiar/Autonomous_Drone/install/sjtu_drone_description/share/sjtu_drone_description/local_setup.zsh
[27.582s] -- Installing: /home/nambiar/Autonomous_Drone/install/sjtu_drone_description/share/sjtu_drone_description/local_setup.dsv
[27.582s] -- Installing: /home/nambiar/Autonomous_Drone/install/sjtu_drone_description/share/sjtu_drone_description/package.dsv
[27.582s] -- Installing: /home/nambiar/Autonomous_Drone/install/sjtu_drone_description/share/ament_index/resource_index/packages/sjtu_drone_description
[27.582s] -- Installing: /home/nambiar/Autonomous_Drone/install/sjtu_drone_description/share/sjtu_drone_description/cmake/export_sjtu_drone_descriptionExport.cmake
[27.583s] -- Installing: /home/nambiar/Autonomous_Drone/install/sjtu_drone_description/share/sjtu_drone_description/cmake/export_sjtu_drone_descriptionExport-noconfig.cmake
[27.583s] -- Installing: /home/nambiar/Autonomous_Drone/install/sjtu_drone_description/share/sjtu_drone_description/cmake/ament_cmake_export_include_directories-extras.cmake
[27.583s] -- Installing: /home/nambiar/Autonomous_Drone/install/sjtu_drone_description/share/sjtu_drone_description/cmake/ament_cmake_export_libraries-extras.cmake
[27.583s] -- Installing: /home/nambiar/Autonomous_Drone/install/sjtu_drone_description/share/sjtu_drone_description/cmake/ament_cmake_export_targets-extras.cmake
[27.583s] -- Installing: /home/nambiar/Autonomous_Drone/install/sjtu_drone_description/share/sjtu_drone_description/cmake/sjtu_drone_descriptionConfig.cmake
[27.583s] -- Installing: /home/nambiar/Autonomous_Drone/install/sjtu_drone_description/share/sjtu_drone_description/cmake/sjtu_drone_descriptionConfig-version.cmake
[27.583s] -- Installing: /home/nambiar/Autonomous_Drone/install/sjtu_drone_description/share/sjtu_drone_description/package.xml
[27.585s] Invoked command in '/home/nambiar/Autonomous_Drone/build/sjtu_drone_description' returned '0': CMAKE_PREFIX_PATH=/opt/ros/humble /usr/bin/cmake --install /home/nambiar/Autonomous_Drone/build/sjtu_drone_description
